[   14269ms] [ERROR] ./apps/marketing/src/components/Audiences.tsx:3:1
Module not found: Can't resolve '@revealui/presentation'
  1 | 'use client';
  2 |
> 3 | import { Button } from '@revealui/presentation';
    | ^^^^^^^^^^^^^^^^^^^^^^^^^^^^^^^^^^^^^^^^^^^^^^^^
  4 |
  5 | export function Audiences() {
  6 |   return (

Import trace:
  Server Component:
    ./apps/marketing/src/components/Audiences.tsx
    ./apps/marketing/src/app/page.tsx

https://nextjs.org/docs/messages/module-not-found @ http://localhost:3000/_next/static/chunks/0ef6e_next_dist_c1796bd9._.js:3127
[   14271ms] [ERROR] ./apps/marketing/src/components/HeroSection.tsx:3:1
Module not found: Can't resolve '@revealui/presentation'
  1 | 'use client';
  2 |
> 3 | import { Badge, ButtonCVA } from '@revealui/presentation';
    | ^^^^^^^^^^^^^^^^^^^^^^^^^^^^^^^^^^^^^^^^^^^^^^^^^^^^^^^^^^
  4 | import { ProductMockup } from './ProductMockup';
  5 |
  6 | const primitives = [

Import trace:
  Server Component:
    ./apps/marketing/src/components/HeroSection.tsx
    ./apps/marketing/src/app/page.tsx

https://nextjs.org/docs/messages/module-not-found @ http://localhost:3000/_next/static/chunks/0ef6e_next_dist_c1796bd9._.js:3127
[   14277ms] [ERROR] ./apps/marketing/src/components/LeadCapture.tsx:4:1
Module not found: Can't resolve '@revealui/presentation'
  2 |
  3 | import { logger } from '@revealui/core/observability/logger';
> 4 | import { ButtonCVA, Callout, InputCVA } from '@revealui/presentation';
    | ^^^^^^^^^^^^^^^^^^^^^^^^^^^^^^^^^^^^^^^^^^^^^^^^^^^^^^^^^^^^^^^^^^^^^^
  5 | import { useState } from 'react';
  6 |
  7 | export function LeadCapture() {

Import trace:
  Server Component:
    ./apps/marketing/src/components/LeadCapture.tsx
    ./apps/marketing/src/app/page.tsx

https://nextjs.org/docs/messages/module-not-found @ http://localhost:3000/_next/static/chunks/0ef6e_next_dist_c1796bd9._.js:3127
[   14278ms] [ERROR] ./apps/marketing/src/components/NavBar.tsx:3:1
Module not found: Can't resolve '@revealui/presentation'
  1 | 'use client';
  2 |
> 3 | import { ButtonCVA } from '@revealui/presentation';
    | ^^^^^^^^^^^^^^^^^^^^^^^^^^^^^^^^^^^^^^^^^^^^^^^^^^^
  4 | import Link from 'next/link';
  5 | import { useState } from 'react';
  6 |

Import trace:
  Server Component:
    ./apps/marketing/src/components/NavBar.tsx
    ./apps/marketing/src/app/layout.tsx

https://nextjs.org/docs/messages/module-not-found @ http://localhost:3000/_next/static/chunks/0ef6e_next_dist_c1796bd9._.js:3127
[   14278ms] [ERROR] ./apps/marketing/src/components/SocialProof.tsx:3:1
Module not found: Can't resolve '@revealui/presentation'
  1 | 'use client';
  2 |
> 3 | import { Badge } from '@revealui/presentation';
    | ^^^^^^^^^^^^^^^^^^^^^^^^^^^^^^^^^^^^^^^^^^^^^^^
  4 |
  5 | export function SocialProof() {
  6 |   const stats = [

Import trace:
  Server Component:
    ./apps/marketing/src/components/SocialProof.tsx
    ./apps/marketing/src/app/page.tsx

https://nextjs.org/docs/messages/module-not-found @ http://localhost:3000/_next/static/chunks/0ef6e_next_dist_c1796bd9._.js:3127
[   14278ms] [ERROR] ./apps/marketing/src/components/ValueProposition.tsx:3:1
Module not found: Can't resolve '@revealui/presentation'
  1 | 'use client';
  2 |
> 3 | import { Button } from '@revealui/presentation';
    | ^^^^^^^^^^^^^^^^^^^^^^^^^^^^^^^^^^^^^^^^^^^^^^^^
  4 |
  5 | export function ValueProposition() {
  6 |   const features = [

Import trace:
  Server Component:
    ./apps/marketing/src/components/ValueProposition.tsx
    ./apps/marketing/src/app/page.tsx

https://nextjs.org/docs/messages/module-not-found @ http://localhost:3000/_next/static/chunks/0ef6e_next_dist_c1796bd9._.js:3127
[  277741ms] [ERROR] WebSocket connection to 'ws://localhost:3000/_next/webpack-hmr?id=oX7sMwChcoJZkxFKx4CAz' failed: Error in connection establishment: net::ERR_CONNECTION_TIMED_OUT @ http://localhost:3000/_next/static/chunks/0ef6e_next_dist_client_dae1c58d._.js:10878
[  415205ms] [ERROR] WebSocket connection to 'ws://localhost:3000/_next/webpack-hmr?id=oX7sMwChcoJZkxFKx4CAz' failed: Error in connection establishment: net::ERR_CONNECTION_TIMED_OUT @ http://localhost:3000/_next/static/chunks/0ef6e_next_dist_client_dae1c58d._.js:10878
[  553344ms] [ERROR] WebSocket connection to 'ws://localhost:3000/_next/webpack-hmr?id=oX7sMwChcoJZkxFKx4CAz' failed: Error in connection establishment: net::ERR_CONNECTION_TIMED_OUT @ http://localhost:3000/_next/static/chunks/0ef6e_next_dist_client_dae1c58d._.js:10878
[  690838ms] [ERROR] WebSocket connection to 'ws://localhost:3000/_next/webpack-hmr?id=oX7sMwChcoJZkxFKx4CAz' failed: Error in connection establishment: net::ERR_CONNECTION_TIMED_OUT @ http://localhost:3000/_next/static/chunks/0ef6e_next_dist_client_dae1c58d._.js:10878
